[SYSTEM 2026-05-22 19:01:05.310] === Session Started: 2026-05-22 19:01:05 ===
[SYSTEM 2026-05-22 19:01:05.310] Running host unit tests (pio test -e native)...
[SYSTEM 2026-05-22 19:01:05.310] Running PlatformIO: pio test -e native
[PIO 2026-05-22 19:01:05.436] Verbosity level can be increased via `-v, -vv, or -vvv` option
[PIO 2026-05-22 19:01:05.436] Collected 1 tests
[PIO 2026-05-22 19:01:05.437] 
[PIO 2026-05-22 19:01:05.437] Processing test_xlrs_native in native environment
[PIO 2026-05-22 19:01:05.437] --------------------------------------------------------------------------------
[PIO 2026-05-22 19:01:05.437] Building...
[PIO 2026-05-22 19:01:05.733] Testing...
[PIO 2026-05-22 19:01:05.737] test/test_xlrs_native/test_main.cpp:535: test_channel_pack_roundtrip	[PASSED]
[PIO 2026-05-22 19:01:05.737] test/test_xlrs_native/test_main.cpp:536: test_fhss_deterministic_and_balanced	[PASSED]
[PIO 2026-05-22 19:01:05.737] test/test_xlrs_native/test_main.cpp:537: test_pfd_step_settles	[PASSED]
[PIO 2026-05-22 19:01:05.737] test/test_xlrs_native/test_main.cpp:538: test_pfd_nulls_drift	[PASSED]
[PIO 2026-05-22 19:01:05.737] test/test_xlrs_native/test_main.cpp:539: test_lq_tracker	[PASSED]
[PIO 2026-05-22 19:01:05.737] test/test_xlrs_native/test_main.cpp:540: test_spsc_ring	[PASSED]
[PIO 2026-05-22 19:01:05.737] test/test_xlrs_native/test_main.cpp:541: test_latest_value_freshest_wins	[PASSED]
[PIO 2026-05-22 19:01:05.737] test/test_xlrs_native/test_main.cpp:542: test_latest_value_load_or_keep	[PASSED]
[PIO 2026-05-22 19:01:05.737] test/test_xlrs_native/test_main.cpp:543: test_slot_for_tick	[PASSED]
[PIO 2026-05-22 19:01:05.737] test/test_xlrs_native/test_main.cpp:544: test_mockphy_loopback	[PASSED]
[PIO 2026-05-22 19:01:05.737] test/test_xlrs_native/test_main.cpp:545: test_link_uid_from_phrase	[PASSED]
[PIO 2026-05-22 19:01:05.737] test/test_xlrs_native/test_main.cpp:546: test_uid_drives_shared_fhss	[PASSED]
[PIO 2026-05-22 19:01:05.737] test/test_xlrs_native/test_main.cpp:547: test_link_connect_flow_failsafe	[PASSED]
[PIO 2026-05-22 19:01:05.737] test/test_xlrs_native/test_main.cpp:548: test_link_mismatched_phrase_no_connect	[PASSED]
[PIO 2026-05-22 19:01:05.737] test/test_xlrs_native/test_main.cpp:549: test_link_fhss_acquire_and_recover	[PASSED]
[PIO 2026-05-22 19:01:05.737] test/test_xlrs_native/test_main.cpp:550: test_link_telemetry_downlink	[PASSED]
[PIO 2026-05-22 19:01:05.737] test/test_xlrs_native/test_main.cpp:551: test_crsf_link_statistics	[PASSED]
[PIO 2026-05-22 19:01:05.737] test/test_xlrs_native/test_main.cpp:552: test_dynamic_power	[PASSED]
[PIO 2026-05-22 19:01:05.737] test/test_xlrs_native/test_main.cpp:553: test_link_rate_switch_and_power	[PASSED]
[PIO 2026-05-22 19:01:05.737] test/test_xlrs_native/test_main.cpp:554: test_chacha20poly1305_rfc8439	[PASSED]
[PIO 2026-05-22 19:01:05.738] test/test_xlrs_native/test_main.cpp:555: test_aead_cipher	[PASSED]
[PIO 2026-05-22 19:01:05.739] test/test_xlrs_native/test_main.cpp:556: test_link_encrypted	[PASSED]
[PIO 2026-05-22 19:01:05.739] test/test_xlrs_native/test_main.cpp:557: test_link_wrong_key	[PASSED]
[PIO 2026-05-22 19:01:05.739] test/test_xlrs_native/test_main.cpp:558: test_flash_boot_counter	[PASSED]
[PIO 2026-05-22 19:01:05.740] test/test_xlrs_native/test_main.cpp:559: test_scheduler_timing_pfd_lock	[PASSED]
[PIO 2026-05-22 19:01:05.740] -------------- native:test_xlrs_native [PASSED] Took 0.30 seconds --------------
[PIO 2026-05-22 19:01:05.740] 
[PIO 2026-05-22 19:01:05.741] =================================== SUMMARY ===================================
[PIO 2026-05-22 19:01:05.741] Environment    Test              Status    Duration
[PIO 2026-05-22 19:01:05.741] -------------  ----------------  --------  ------------
[PIO 2026-05-22 19:01:05.741] native         test_xlrs_native  PASSED    00:00:00.302
[PIO 2026-05-22 19:01:05.741] ================= 25 test cases: 25 succeeded in 00:00:00.302 =================
[SYSTEM 2026-05-22 19:01:05.984] All host unit tests PASSED!
[SYSTEM 2026-05-22 19:05:05.253] === Session Started: 2026-05-22 19:05:05 ===
[SYSTEM 2026-05-22 19:05:05.258] Detected ports: ['/dev/cu.debug-console', '/dev/cu.Bluetooth-Incoming-Port']
[SYSTEM 2026-05-22 19:05:05.258] Tip: If the devices are already running, click Reset on the board to send boot banners.
[SYSTEM 2026-05-22 19:05:05.258] Probing port /dev/cu.debug-console at 115200 baud for up to 2.5s...
[SYSTEM 2026-05-22 19:05:07.782] Probing port /dev/cu.Bluetooth-Incoming-Port at 115200 baud for up to 2.5s...
